<?xml version="1.0" encoding="UTF-8"?>
<!-- Generated by org.testng.reporters.JUnitXMLReporter -->
<testsuite hostname="Almazs-MBP.fios-router.home" ignored="0" name="Test" tests="4" failures="0" timestamp="2020-03-19T09:38:25 EDT" time="35.111" errors="0">
  <testcase name="basePageNavigation" time="0.069" classname="Academy.ValidateTitle"/>
  <testcase name="basePageNavigation" time="6.23" classname="Academy.HomePage"/>
  <testcase name="basePageNavigation" time="6.603" classname="Academy.HomePage"/>
  <testcase name="basePageNavigation" time="0.035" classname="Academy.ValidateNavBar"/>
</testsuite> <!-- Test -->
