<?xml version="1.0" encoding="UTF-8"?>
<!-- Generated by org.testng.reporters.JUnitXMLReporter -->
<testsuite hostname="Almazs-MBP.fios-router.home" ignored="0" name="Validating title in the Page" tests="1" failures="1" timestamp="2020-03-19T16:09:12 EDT" time="9.488" errors="0">
  <testcase name="ValidateAppTitle" time="0.045" classname="Academy.ValidateTitle">
    <failure type="java.lang.AssertionError" message="expected [FEATURED COURSES1234] but found [FEATURED COURSES]">
      <![CDATA[java.lang.AssertionError: expected [FEATURED COURSES1234] but found [FEATURED COURSES]
at Academy.ValidateTitle.ValidateAppTitle(ValidateTitle.java:39)
at java.util.ArrayList.forEach(ArrayList.java:1257)
... Removed 36 stack frames]]>
    </failure>
  </testcase> <!-- ValidateAppTitle -->
</testsuite> <!-- Validating title in the Page -->
