-------------------------------------------------------------------------------
Test set: TestSuite
-------------------------------------------------------------------------------
Tests run: 4, Failures: 1, Errors: 0, Skipped: 0, Time elapsed: 38.754 s <<< FAILURE! - in TestSuite
Academy.ValidateTitle.ValidateAppTitle  Time elapsed: 1.053 s  <<< FAILURE!
java.lang.AssertionError: expected [FEATURED COURSES1234] but found [FEATURED COURSES]
	at Academy.ValidateTitle.ValidateAppTitle(ValidateTitle.java:39)

